<?xml version="1.0" encoding="UTF-8"?>
<testsuite name="app.SortTest" tests="1" skipped="0" failures="0" errors="0" timestamp="2021-05-23T18:00:38" hostname="DESKTOP-VLG6TPA" time="0.02">
  <properties/>
  <testcase name="sortMyShoppingKart()" classname="app.SortTest" time="0.02"/>
  <system-out><![CDATA[Fruits that are : Green
Pear
Brussels sprout
Green pepper
]]></system-out>
  <system-err><![CDATA[]]></system-err>
</testsuite>
